# JRE version: Java(TM) SE Runtime Environment (7.0_79-b15) (build 1.7.0_79-b15)
# Java VM: Java HotSpot(TM) 64-Bit Server VM (24.79-b02 mixed mode windows-amd64 compressed oops)
Heap
 PSYoungGen      total 280576K, used 22285K [0x00000000eaa80000, 0x00000000fe880000, 0x0000000100000000)
  eden space 256512K, 8% used [0x00000000eaa80000,0x00000000ec043608,0x00000000fa500000)
  from space 24064K, 0% used [0x00000000fa500000,0x00000000fa500000,0x00000000fbc80000)
  to   space 31744K, 0% used [0x00000000fc980000,0x00000000fc980000,0x00000000fe880000)
 ParOldGen       total 84992K, used 48013K [0x00000000c0000000, 0x00000000c5300000, 0x00000000eaa80000)
  object space 84992K, 56% used [0x00000000c0000000,0x00000000c2ee3578,0x00000000c5300000)
 PSPermGen       total 97792K, used 48819K [0x00000000b0000000, 0x00000000b5f80000, 0x00000000c0000000)
  object space 97792K, 49% used [0x00000000b0000000,0x00000000b2facd60,0x00000000b5f80000)
GC Heap History (10 events):
Event: 8.092 GC heap before
{Heap before GC invocations=4 (full 0):
 PSYoungGen      total 70656K, used 70628K [0x00000000eaa80000, 0x00000000f3480000, 0x0000000100000000)
  eden space 65536K, 100% used [0x00000000eaa80000,0x00000000eea80000,0x00000000eea80000)
  from space 5120K, 99% used [0x00000000eea80000,0x00000000eef790e0,0x00000000eef80000)
  to   space 5120K, 0% used [0x00000000f2f80000,0x00000000f2f80000,0x00000000f3480000)
 ParOldGen       total 84992K, used 8864K [0x00000000c0000000, 0x00000000c5300000, 0x00000000eaa80000)
  object space 84992K, 10% used [0x00000000c0000000,0x00000000c08a8340,0x00000000c5300000)
 PSPermGen       total 26624K, used 26577K [0x00000000b0000000, 0x00000000b1a00000, 0x00000000c0000000)
  object space 26624K, 99% used [0x00000000b0000000,0x00000000b19f44d8,0x00000000b1a00000)
Event: 8.114 GC heap after
Heap after GC invocations=4 (full 0):
 PSYoungGen      total 136192K, used 5092K [0x00000000eaa80000, 0x00000000f3480000, 0x0000000100000000)
  eden space 131072K, 0% used [0x00000000eaa80000,0x00000000eaa80000,0x00000000f2a80000)
  from space 5120K, 99% used [0x00000000f2f80000,0x00000000f3479020,0x00000000f3480000)
  to   space 5120K, 0% used [0x00000000f2a80000,0x00000000f2a80000,0x00000000f2f80000)
 ParOldGen       total 84992K, used 16047K [0x00000000c0000000, 0x00000000c5300000, 0x00000000eaa80000)
  object space 84992K, 18% used [0x00000000c0000000,0x00000000c0fabdb0,0x00000000c5300000)
 PSPermGen       total 26624K, used 26577K [0x00000000b0000000, 0x00000000b1a00000, 0x00000000c0000000)
  object space 26624K, 99% used [0x00000000b0000000,0x00000000b19f44d8,0x00000000b1a00000)
}
Event: 12.917 GC heap before
{Heap before GC invocations=5 (full 0):
 PSYoungGen      total 136192K, used 136164K [0x00000000eaa80000, 0x00000000f3480000, 0x0000000100000000)
  eden space 131072K, 100% used [0x00000000eaa80000,0x00000000f2a80000,0x00000000f2a80000)
  from space 5120K, 99% used [0x00000000f2f80000,0x00000000f3479020,0x00000000f3480000)
  to   space 5120K, 0% used [0x00000000f2a80000,0x00000000f2a80000,0x00000000f2f80000)
 ParOldGen       total 84992K, used 16047K [0x00000000c0000000, 0x00000000c5300000, 0x00000000eaa80000)
  object space 84992K, 18% used [0x00000000c0000000,0x00000000c0fabdb0,0x00000000c5300000)
 PSPermGen       total 33792K, used 33454K [0x00000000b0000000, 0x00000000b2100000, 0x00000000c0000000)
  object space 33792K, 98% used [0x00000000b0000000,0x00000000b20ab800,0x00000000b2100000)
Event: 12.939 GC heap after
Heap after GC invocations=5 (full 0):
 PSYoungGen      total 136192K, used 5108K [0x00000000eaa80000, 0x00000000fce80000, 0x0000000100000000)
  eden space 131072K, 0% used [0x00000000eaa80000,0x00000000eaa80000,0x00000000f2a80000)
  from space 5120K, 99% used [0x00000000f2a80000,0x00000000f2f7d030,0x00000000f2f80000)
  to   space 18432K, 0% used [0x00000000fbc80000,0x00000000fbc80000,0x00000000fce80000)
 ParOldGen       total 84992K, used 25373K [0x00000000c0000000, 0x00000000c5300000, 0x00000000eaa80000)
  object space 84992K, 29% used [0x00000000c0000000,0x00000000c18c75a0,0x00000000c5300000)
 PSPermGen       total 33792K, used 33454K [0x00000000b0000000, 0x00000000b2100000, 0x00000000c0000000)
  object space 33792K, 98% used [0x00000000b0000000,0x00000000b20ab800,0x00000000b2100000)
}
Event: 17.953 GC heap before
{Heap before GC invocations=6 (full 0):
 PSYoungGen      total 136192K, used 136180K [0x00000000eaa80000, 0x00000000fce80000, 0x0000000100000000)
  eden space 131072K, 100% used [0x00000000eaa80000,0x00000000f2a80000,0x00000000f2a80000)
  from space 5120K, 99% used [0x00000000f2a80000,0x00000000f2f7d030,0x00000000f2f80000)
  to   space 18432K, 0% used [0x00000000fbc80000,0x00000000fbc80000,0x00000000fce80000)
 ParOldGen       total 84992K, used 25373K [0x00000000c0000000, 0x00000000c5300000, 0x00000000eaa80000)
  object space 84992K, 29% used [0x00000000c0000000,0x00000000c18c75a0,0x00000000c5300000)
 PSPermGen       total 38912K, used 38571K [0x00000000b0000000, 0x00000000b2600000, 0x00000000c0000000)
  object space 38912K, 99% used [0x00000000b0000000,0x00000000b25aaed8,0x00000000b2600000)
Event: 18.063 GC heap after
Heap after GC invocations=6 (full 0):
 PSYoungGen      total 274944K, used 18402K [0x00000000eaa80000, 0x00000000fd980000, 0x0000000100000000)
  eden space 256512K, 0% used [0x00000000eaa80000,0x00000000eaa80000,0x00000000fa500000)
  from space 18432K, 99% used [0x00000000fbc80000,0x00000000fce789e0,0x00000000fce80000)
  to   space 24064K, 0% used [0x00000000fa500000,0x00000000fa500000,0x00000000fbc80000)
 ParOldGen       total 84992K, used 29624K [0x00000000c0000000, 0x00000000c5300000, 0x00000000eaa80000)
  object space 84992K, 34% used [0x00000000c0000000,0x00000000c1cee058,0x00000000c5300000)
 PSPermGen       total 38912K, used 38571K [0x00000000b0000000, 0x00000000b2600000, 0x00000000c0000000)
  object space 38912K, 99% used [0x00000000b0000000,0x00000000b25aaed8,0x00000000b2600000)
}
Event: 33.381 GC heap before
{Heap before GC invocations=7 (full 0):
 PSYoungGen      total 274944K, used 266365K [0x00000000eaa80000, 0x00000000fd980000, 0x0000000100000000)
  eden space 256512K, 96% used [0x00000000eaa80000,0x00000000f9ca6b70,0x00000000fa500000)
  from space 18432K, 99% used [0x00000000fbc80000,0x00000000fce789e0,0x00000000fce80000)
  to   space 24064K, 0% used [0x00000000fa500000,0x00000000fa500000,0x00000000fbc80000)
 ParOldGen       total 84992K, used 29624K [0x00000000c0000000, 0x00000000c5300000, 0x00000000eaa80000)
  object space 84992K, 34% used [0x00000000c0000000,0x00000000c1cee058,0x00000000c5300000)
 PSPermGen       total 49152K, used 48834K [0x00000000b0000000, 0x00000000b3000000, 0x00000000c0000000)
  object space 49152K, 99% used [0x00000000b0000000,0x00000000b2fb0930,0x00000000b3000000)
Event: 33.437 GC heap after
Heap after GC invocations=7 (full 0):
 PSYoungGen      total 280576K, used 24048K [0x00000000eaa80000, 0x00000000fe880000, 0x0000000100000000)
  eden space 256512K, 0% used [0x00000000eaa80000,0x00000000eaa80000,0x00000000fa500000)
  from space 24064K, 99% used [0x00000000fa500000,0x00000000fbc7c3a8,0x00000000fbc80000)
  to   space 31744K, 0% used [0x00000000fc980000,0x00000000fc980000,0x00000000fe880000)
 ParOldGen       total 84992K, used 36053K [0x00000000c0000000, 0x00000000c5300000, 0x00000000eaa80000)
  object space 84992K, 42% used [0x00000000c0000000,0x00000000c2335558,0x00000000c5300000)
 PSPermGen       total 49152K, used 48834K [0x00000000b0000000, 0x00000000b3000000, 0x00000000c0000000)
  object space 49152K, 99% used [0x00000000b0000000,0x00000000b2fb0930,0x00000000b3000000)
}
Event: 33.437 GC heap before
{Heap before GC invocations=8 (full 1):
 PSYoungGen      total 280576K, used 24048K [0x00000000eaa80000, 0x00000000fe880000, 0x0000000100000000)
  eden space 256512K, 0% used [0x00000000eaa80000,0x00000000eaa80000,0x00000000fa500000)
  from space 24064K, 99% used [0x00000000fa500000,0x00000000fbc7c3a8,0x00000000fbc80000)
  to   space 31744K, 0% used [0x00000000fc980000,0x00000000fc980000,0x00000000fe880000)
 ParOldGen       total 84992K, used 36053K [0x00000000c0000000, 0x00000000c5300000, 0x00000000eaa80000)
  object space 84992K, 42% used [0x00000000c0000000,0x00000000c2335558,0x00000000c5300000)
 PSPermGen       total 49152K, used 48834K [0x00000000b0000000, 0x00000000b3000000, 0x00000000c0000000)
  object space 49152K, 99% used [0x00000000b0000000,0x00000000b2fb0930,0x00000000b3000000)
Event: 33.829 GC heap after
Heap after GC invocations=8 (full 1):
 PSYoungGen      total 280576K, used 0K [0x00000000eaa80000, 0x00000000fe880000, 0x0000000100000000)
  eden space 256512K, 0% used [0x00000000eaa80000,0x00000000eaa80000,0x00000000fa500000)
  from space 24064K, 0% used [0x00000000fa500000,0x00000000fa500000,0x00000000fbc80000)
  to   space 31744K, 0% used [0x00000000fc980000,0x00000000fc980000,0x00000000fe880000)
 ParOldGen       total 84992K, used 48013K [0x00000000c0000000, 0x00000000c5300000, 0x00000000eaa80000)
  object space 84992K, 56% used [0x00000000c0000000,0x00000000c2ee3578,0x00000000c5300000)
 PSPermGen       total 97792K, used 48780K [0x00000000b0000000, 0x00000000b5f80000, 0x00000000c0000000)
  object space 97792K, 49% used [0x00000000b0000000,0x00000000b2fa3188,0x00000000b5f80000)
}

